{"/Users/chadain/coding_study/node/node-study/section.9/controllers/auth.js": {"path":"/Users/chadain/coding_study/node/node-study/section.9/controllers/auth.js","statementMap":{"0":{"start":{"line":1,"column":15},"end":{"line":1,"column":32}},"1":{"start":{"line":2,"column":17},"end":{"line":2,"column":36}},"2":{"start":{"line":3,"column":13},"end":{"line":3,"column":38}},"3":{"start":{"line":5,"column":0},"end":{"line":23,"column":2}},"4":{"start":{"line":6,"column":36},"end":{"line":6,"column":44}},"5":{"start":{"line":7,"column":2},"end":{"line":22,"column":3}},"6":{"start":{"line":8,"column":19},"end":{"line":8,"column":59}},"7":{"start":{"line":9,"column":4},"end":{"line":11,"column":5}},"8":{"start":{"line":10,"column":6},"end":{"line":10,"column":47}},"9":{"start":{"line":12,"column":17},"end":{"line":12,"column":48}},"10":{"start":{"line":13,"column":4},"end":{"line":17,"column":7}},"11":{"start":{"line":18,"column":4},"end":{"line":18,"column":29}},"12":{"start":{"line":20,"column":4},"end":{"line":20,"column":25}},"13":{"start":{"line":21,"column":4},"end":{"line":21,"column":16}},"14":{"start":{"line":25,"column":0},"end":{"line":43,"column":2}},"15":{"start":{"line":26,"column":2},"end":{"line":42,"column":21}},"16":{"start":{"line":27,"column":4},"end":{"line":30,"column":5}},"17":{"start":{"line":28,"column":6},"end":{"line":28,"column":31}},"18":{"start":{"line":29,"column":6},"end":{"line":29,"column":29}},"19":{"start":{"line":31,"column":4},"end":{"line":33,"column":5}},"20":{"start":{"line":32,"column":6},"end":{"line":32,"column":53}},"21":{"start":{"line":34,"column":4},"end":{"line":41,"column":7}},"22":{"start":{"line":35,"column":6},"end":{"line":38,"column":7}},"23":{"start":{"line":36,"column":8},"end":{"line":36,"column":34}},"24":{"start":{"line":37,"column":8},"end":{"line":37,"column":32}},"25":{"start":{"line":40,"column":6},"end":{"line":40,"column":31}},"26":{"start":{"line":45,"column":0},"end":{"line":49,"column":2}},"27":{"start":{"line":46,"column":2},"end":{"line":48,"column":5}},"28":{"start":{"line":47,"column":4},"end":{"line":47,"column":22}}},"fnMap":{"0":{"name":"(anonymous_0)","decl":{"start":{"line":5,"column":15},"end":{"line":5,"column":16}},"loc":{"start":{"line":5,"column":41},"end":{"line":23,"column":1}},"line":5},"1":{"name":"(anonymous_1)","decl":{"start":{"line":25,"column":16},"end":{"line":25,"column":17}},"loc":{"start":{"line":25,"column":36},"end":{"line":43,"column":1}},"line":25},"2":{"name":"(anonymous_2)","decl":{"start":{"line":26,"column":33},"end":{"line":26,"column":34}},"loc":{"start":{"line":26,"column":60},"end":{"line":42,"column":3}},"line":26},"3":{"name":"(anonymous_3)","decl":{"start":{"line":34,"column":27},"end":{"line":34,"column":28}},"loc":{"start":{"line":34,"column":43},"end":{"line":41,"column":5}},"line":34},"4":{"name":"(anonymous_4)","decl":{"start":{"line":45,"column":17},"end":{"line":45,"column":18}},"loc":{"start":{"line":45,"column":37},"end":{"line":49,"column":1}},"line":45},"5":{"name":"(anonymous_5)","decl":{"start":{"line":46,"column":13},"end":{"line":46,"column":14}},"loc":{"start":{"line":46,"column":19},"end":{"line":48,"column":3}},"line":46}},"branchMap":{"0":{"loc":{"start":{"line":9,"column":4},"end":{"line":11,"column":5}},"type":"if","locations":[{"start":{"line":9,"column":4},"end":{"line":11,"column":5}},{"start":{},"end":{}}],"line":9},"1":{"loc":{"start":{"line":27,"column":4},"end":{"line":30,"column":5}},"type":"if","locations":[{"start":{"line":27,"column":4},"end":{"line":30,"column":5}},{"start":{},"end":{}}],"line":27},"2":{"loc":{"start":{"line":31,"column":4},"end":{"line":33,"column":5}},"type":"if","locations":[{"start":{"line":31,"column":4},"end":{"line":33,"column":5}},{"start":{},"end":{}}],"line":31},"3":{"loc":{"start":{"line":35,"column":6},"end":{"line":38,"column":7}},"type":"if","locations":[{"start":{"line":35,"column":6},"end":{"line":38,"column":7}},{"start":{},"end":{}}],"line":35}},"s":{"0":1,"1":1,"2":1,"3":1,"4":3,"5":3,"6":3,"7":2,"8":1,"9":1,"10":1,"11":1,"12":1,"13":1,"14":1,"15":0,"16":0,"17":0,"18":0,"19":0,"20":0,"21":0,"22":0,"23":0,"24":0,"25":0,"26":1,"27":0,"28":0},"f":{"0":3,"1":0,"2":0,"3":0,"4":0,"5":0},"b":{"0":[1,1],"1":[0,0],"2":[0,0],"3":[0,0]},"_coverageSchema":"1a1c01bbd47fc00a2c39e90264f33305004495a9","hash":"23e24e5779772857fc5e0b3fd3e6a9ded79e46f8"}
,"/Users/chadain/coding_study/node/node-study/section.9/middlewares/index.js": {"path":"/Users/chadain/coding_study/node/node-study/section.9/middlewares/index.js","statementMap":{"0":{"start":{"line":2,"column":19},"end":{"line":2,"column":39}},"1":{"start":{"line":3,"column":12},"end":{"line":3,"column":35}},"2":{"start":{"line":4,"column":18},"end":{"line":4,"column":47}},"3":{"start":{"line":5,"column":13},"end":{"line":5,"column":28}},"4":{"start":{"line":8,"column":0},"end":{"line":14,"column":2}},"5":{"start":{"line":9,"column":2},"end":{"line":13,"column":3}},"6":{"start":{"line":10,"column":4},"end":{"line":10,"column":11}},"7":{"start":{"line":12,"column":4},"end":{"line":12,"column":35}},"8":{"start":{"line":16,"column":0},"end":{"line":23,"column":2}},"9":{"start":{"line":17,"column":2},"end":{"line":22,"column":3}},"10":{"start":{"line":18,"column":4},"end":{"line":18,"column":11}},"11":{"start":{"line":20,"column":20},"end":{"line":20,"column":57}},"12":{"start":{"line":21,"column":4},"end":{"line":21,"column":39}},"13":{"start":{"line":25,"column":0},"end":{"line":44,"column":2}},"14":{"start":{"line":26,"column":2},"end":{"line":43,"column":3}},"15":{"start":{"line":27,"column":4},"end":{"line":30,"column":6}},"16":{"start":{"line":31,"column":4},"end":{"line":31,"column":18}},"17":{"start":{"line":33,"column":4},"end":{"line":38,"column":5}},"18":{"start":{"line":34,"column":6},"end":{"line":37,"column":9}},"19":{"start":{"line":39,"column":4},"end":{"line":42,"column":7}},"20":{"start":{"line":46,"column":0},"end":{"line":55,"column":3}},"21":{"start":{"line":50,"column":4},"end":{"line":53,"column":7}},"22":{"start":{"line":57,"column":0},"end":{"line":62,"column":2}},"23":{"start":{"line":58,"column":2},"end":{"line":61,"column":5}},"24":{"start":{"line":64,"column":0},"end":{"line":77,"column":2}},"25":{"start":{"line":65,"column":17},"end":{"line":68,"column":4}},"26":{"start":{"line":69,"column":2},"end":{"line":76,"column":3}},"27":{"start":{"line":70,"column":4},"end":{"line":73,"column":23}},"28":{"start":{"line":75,"column":4},"end":{"line":75,"column":11}}},"fnMap":{"0":{"name":"(anonymous_0)","decl":{"start":{"line":8,"column":21},"end":{"line":8,"column":22}},"loc":{"start":{"line":8,"column":41},"end":{"line":14,"column":1}},"line":8},"1":{"name":"(anonymous_1)","decl":{"start":{"line":16,"column":24},"end":{"line":16,"column":25}},"loc":{"start":{"line":16,"column":44},"end":{"line":23,"column":1}},"line":16},"2":{"name":"(anonymous_2)","decl":{"start":{"line":25,"column":22},"end":{"line":25,"column":23}},"loc":{"start":{"line":25,"column":42},"end":{"line":44,"column":1}},"line":25},"3":{"name":"(anonymous_3)","decl":{"start":{"line":49,"column":2},"end":{"line":49,"column":3}},"loc":{"start":{"line":49,"column":20},"end":{"line":54,"column":3}},"line":49},"4":{"name":"(anonymous_4)","decl":{"start":{"line":57,"column":21},"end":{"line":57,"column":22}},"loc":{"start":{"line":57,"column":35},"end":{"line":62,"column":1}},"line":57},"5":{"name":"(anonymous_5)","decl":{"start":{"line":64,"column":32},"end":{"line":64,"column":33}},"loc":{"start":{"line":64,"column":58},"end":{"line":77,"column":1}},"line":64}},"branchMap":{"0":{"loc":{"start":{"line":9,"column":2},"end":{"line":13,"column":3}},"type":"if","locations":[{"start":{"line":9,"column":2},"end":{"line":13,"column":3}},{"start":{"line":11,"column":9},"end":{"line":13,"column":3}}],"line":9},"1":{"loc":{"start":{"line":17,"column":2},"end":{"line":22,"column":3}},"type":"if","locations":[{"start":{"line":17,"column":2},"end":{"line":22,"column":3}},{"start":{"line":19,"column":9},"end":{"line":22,"column":3}}],"line":17},"2":{"loc":{"start":{"line":33,"column":4},"end":{"line":38,"column":5}},"type":"if","locations":[{"start":{"line":33,"column":4},"end":{"line":38,"column":5}},{"start":{},"end":{}}],"line":33},"3":{"loc":{"start":{"line":69,"column":2},"end":{"line":76,"column":3}},"type":"if","locations":[{"start":{"line":69,"column":2},"end":{"line":76,"column":3}},{"start":{"line":74,"column":9},"end":{"line":76,"column":3}}],"line":69}},"s":{"0":1,"1":1,"2":1,"3":1,"4":1,"5":2,"6":1,"7":1,"8":1,"9":2,"10":1,"11":1,"12":1,"13":1,"14":0,"15":0,"16":0,"17":0,"18":0,"19":0,"20":1,"21":0,"22":1,"23":0,"24":1,"25":0,"26":0,"27":0,"28":0},"f":{"0":2,"1":2,"2":0,"3":0,"4":0,"5":0},"b":{"0":[1,1],"1":[1,1],"2":[0,0],"3":[0,0]},"_coverageSchema":"1a1c01bbd47fc00a2c39e90264f33305004495a9","hash":"041d865d97bddcc7fb9f1dd566133e4b3426150d"}
,"/Users/chadain/coding_study/node/node-study/section.9/models/domain.js": {"path":"/Users/chadain/coding_study/node/node-study/section.9/models/domain.js","statementMap":{"0":{"start":{"line":1,"column":18},"end":{"line":1,"column":38}},"1":{"start":{"line":5,"column":4},"end":{"line":27,"column":6}},"2":{"start":{"line":31,"column":4},"end":{"line":31,"column":33}},"3":{"start":{"line":35,"column":0},"end":{"line":35,"column":24}}},"fnMap":{"0":{"name":"(anonymous_0)","decl":{"start":{"line":4,"column":2},"end":{"line":4,"column":3}},"loc":{"start":{"line":4,"column":29},"end":{"line":28,"column":3}},"line":4},"1":{"name":"(anonymous_1)","decl":{"start":{"line":30,"column":2},"end":{"line":30,"column":3}},"loc":{"start":{"line":30,"column":23},"end":{"line":32,"column":3}},"line":30}},"branchMap":{},"s":{"0":1,"1":1,"2":1,"3":1},"f":{"0":1,"1":1},"b":{},"_coverageSchema":"1a1c01bbd47fc00a2c39e90264f33305004495a9","hash":"2205c83a4ac375561cd61c286c54fed2a3093837"}
,"/Users/chadain/coding_study/node/node-study/section.9/models/hashtag.js": {"path":"/Users/chadain/coding_study/node/node-study/section.9/models/hashtag.js","statementMap":{"0":{"start":{"line":1,"column":18},"end":{"line":1,"column":38}},"1":{"start":{"line":5,"column":4},"end":{"line":23,"column":6}},"2":{"start":{"line":27,"column":4},"end":{"line":27,"column":66}},"3":{"start":{"line":31,"column":0},"end":{"line":31,"column":25}}},"fnMap":{"0":{"name":"(anonymous_0)","decl":{"start":{"line":4,"column":2},"end":{"line":4,"column":3}},"loc":{"start":{"line":4,"column":29},"end":{"line":24,"column":3}},"line":4},"1":{"name":"(anonymous_1)","decl":{"start":{"line":26,"column":2},"end":{"line":26,"column":3}},"loc":{"start":{"line":26,"column":23},"end":{"line":28,"column":3}},"line":26}},"branchMap":{},"s":{"0":1,"1":1,"2":1,"3":1},"f":{"0":1,"1":1},"b":{},"_coverageSchema":"1a1c01bbd47fc00a2c39e90264f33305004495a9","hash":"95305594e8293b446aeffde2fd710158d582dbbe"}
,"/Users/chadain/coding_study/node/node-study/section.9/models/index.js": {"path":"/Users/chadain/coding_study/node/node-study/section.9/models/index.js","statementMap":{"0":{"start":{"line":1,"column":13},"end":{"line":1,"column":28}},"1":{"start":{"line":2,"column":18},"end":{"line":2,"column":38}},"2":{"start":{"line":3,"column":12},"end":{"line":3,"column":49}},"3":{"start":{"line":4,"column":15},"end":{"line":4,"column":65}},"4":{"start":{"line":5,"column":11},"end":{"line":5,"column":24}},"5":{"start":{"line":7,"column":11},"end":{"line":7,"column":13}},"6":{"start":{"line":9,"column":18},"end":{"line":14,"column":1}},"7":{"start":{"line":16,"column":0},"end":{"line":16,"column":25}},"8":{"start":{"line":18,"column":17},"end":{"line":18,"column":42}},"9":{"start":{"line":19,"column":0},"end":{"line":30,"column":5}},"10":{"start":{"line":21,"column":4},"end":{"line":23,"column":6}},"11":{"start":{"line":26,"column":18},"end":{"line":26,"column":53}},"12":{"start":{"line":27,"column":4},"end":{"line":27,"column":34}},"13":{"start":{"line":28,"column":4},"end":{"line":28,"column":27}},"14":{"start":{"line":29,"column":4},"end":{"line":29,"column":30}},"15":{"start":{"line":32,"column":0},"end":{"line":37,"column":3}},"16":{"start":{"line":33,"column":2},"end":{"line":33,"column":39}},"17":{"start":{"line":34,"column":2},"end":{"line":36,"column":3}},"18":{"start":{"line":35,"column":4},"end":{"line":35,"column":32}},"19":{"start":{"line":39,"column":0},"end":{"line":39,"column":20}}},"fnMap":{"0":{"name":"(anonymous_0)","decl":{"start":{"line":20,"column":10},"end":{"line":20,"column":11}},"loc":{"start":{"line":20,"column":20},"end":{"line":24,"column":3}},"line":20},"1":{"name":"(anonymous_1)","decl":{"start":{"line":25,"column":11},"end":{"line":25,"column":12}},"loc":{"start":{"line":25,"column":21},"end":{"line":30,"column":3}},"line":25},"2":{"name":"(anonymous_2)","decl":{"start":{"line":32,"column":24},"end":{"line":32,"column":25}},"loc":{"start":{"line":32,"column":39},"end":{"line":37,"column":1}},"line":32}},"branchMap":{"0":{"loc":{"start":{"line":3,"column":12},"end":{"line":3,"column":49}},"type":"binary-expr","locations":[{"start":{"line":3,"column":12},"end":{"line":3,"column":32}},{"start":{"line":3,"column":36},"end":{"line":3,"column":49}}],"line":3},"1":{"loc":{"start":{"line":22,"column":6},"end":{"line":22,"column":78}},"type":"binary-expr","locations":[{"start":{"line":22,"column":6},"end":{"line":22,"column":29}},{"start":{"line":22,"column":33},"end":{"line":22,"column":50}},{"start":{"line":22,"column":54},"end":{"line":22,"column":78}}],"line":22},"2":{"loc":{"start":{"line":34,"column":2},"end":{"line":36,"column":3}},"type":"if","locations":[{"start":{"line":34,"column":2},"end":{"line":36,"column":3}},{"start":{},"end":{}}],"line":34}},"s":{"0":1,"1":1,"2":1,"3":1,"4":1,"5":1,"6":1,"7":1,"8":1,"9":1,"10":5,"11":4,"12":4,"13":4,"14":4,"15":1,"16":5,"17":5,"18":4,"19":1},"f":{"0":5,"1":4,"2":5},"b":{"0":[1,0],"1":[5,5,4],"2":[4,1]},"_coverageSchema":"1a1c01bbd47fc00a2c39e90264f33305004495a9","hash":"2628488e065dea0c7e9097825117c3dd87910d2d"}
,"/Users/chadain/coding_study/node/node-study/section.9/models/post.js": {"path":"/Users/chadain/coding_study/node/node-study/section.9/models/post.js","statementMap":{"0":{"start":{"line":1,"column":18},"end":{"line":1,"column":38}},"1":{"start":{"line":5,"column":4},"end":{"line":26,"column":6}},"2":{"start":{"line":30,"column":4},"end":{"line":30,"column":31}},"3":{"start":{"line":31,"column":4},"end":{"line":31,"column":66}},"4":{"start":{"line":35,"column":0},"end":{"line":35,"column":22}}},"fnMap":{"0":{"name":"(anonymous_0)","decl":{"start":{"line":4,"column":2},"end":{"line":4,"column":3}},"loc":{"start":{"line":4,"column":29},"end":{"line":27,"column":3}},"line":4},"1":{"name":"(anonymous_1)","decl":{"start":{"line":29,"column":2},"end":{"line":29,"column":3}},"loc":{"start":{"line":29,"column":23},"end":{"line":32,"column":3}},"line":29}},"branchMap":{},"s":{"0":1,"1":1,"2":1,"3":1,"4":1},"f":{"0":1,"1":1},"b":{},"_coverageSchema":"1a1c01bbd47fc00a2c39e90264f33305004495a9","hash":"e168fbaf448ad18c87a61496582b3fdf8e95dde1"}
,"/Users/chadain/coding_study/node/node-study/section.9/models/user.js": {"path":"/Users/chadain/coding_study/node/node-study/section.9/models/user.js","statementMap":{"0":{"start":{"line":1,"column":18},"end":{"line":1,"column":38}},"1":{"start":{"line":5,"column":4},"end":{"line":40,"column":6}},"2":{"start":{"line":45,"column":4},"end":{"line":45,"column":29}},"3":{"start":{"line":48,"column":4},"end":{"line":53,"column":7}},"4":{"start":{"line":54,"column":4},"end":{"line":59,"column":7}},"5":{"start":{"line":60,"column":4},"end":{"line":60,"column":31}},"6":{"start":{"line":64,"column":0},"end":{"line":64,"column":22}}},"fnMap":{"0":{"name":"(anonymous_0)","decl":{"start":{"line":4,"column":2},"end":{"line":4,"column":3}},"loc":{"start":{"line":4,"column":29},"end":{"line":41,"column":3}},"line":4},"1":{"name":"(anonymous_1)","decl":{"start":{"line":43,"column":2},"end":{"line":43,"column":3}},"loc":{"start":{"line":43,"column":23},"end":{"line":61,"column":3}},"line":43}},"branchMap":{},"s":{"0":2,"1":1,"2":1,"3":1,"4":1,"5":1,"6":2},"f":{"0":1,"1":1},"b":{},"_coverageSchema":"1a1c01bbd47fc00a2c39e90264f33305004495a9","hash":"a0a0612515d3922083762a06407b2ed06ae79762"}
}
