TN:
SF:controllers/auth.js
FN:5,(anonymous_0)
FN:25,(anonymous_1)
FN:26,(anonymous_2)
FN:34,(anonymous_3)
FN:45,(anonymous_4)
FN:46,(anonymous_5)
FNF:6
FNH:1
FNDA:3,(anonymous_0)
FNDA:0,(anonymous_1)
FNDA:0,(anonymous_2)
FNDA:0,(anonymous_3)
FNDA:0,(anonymous_4)
FNDA:0,(anonymous_5)
DA:1,1
DA:2,1
DA:3,1
DA:5,1
DA:6,3
DA:7,3
DA:8,3
DA:9,2
DA:10,1
DA:12,1
DA:13,1
DA:18,1
DA:20,1
DA:21,1
DA:25,1
DA:26,0
DA:27,0
DA:28,0
DA:29,0
DA:31,0
DA:32,0
DA:34,0
DA:35,0
DA:36,0
DA:37,0
DA:40,0
DA:45,1
DA:46,0
DA:47,0
LF:29
LH:16
BRDA:9,0,0,1
BRDA:9,0,1,1
BRDA:27,1,0,0
BRDA:27,1,1,0
BRDA:31,2,0,0
BRDA:31,2,1,0
BRDA:35,3,0,0
BRDA:35,3,1,0
BRF:8
BRH:2
end_of_record
TN:
SF:middlewares/index.js
FN:8,(anonymous_0)
FN:16,(anonymous_1)
FN:25,(anonymous_2)
FN:49,(anonymous_3)
FN:57,(anonymous_4)
FN:64,(anonymous_5)
FNF:6
FNH:2
FNDA:2,(anonymous_0)
FNDA:2,(anonymous_1)
FNDA:0,(anonymous_2)
FNDA:0,(anonymous_3)
FNDA:0,(anonymous_4)
FNDA:0,(anonymous_5)
DA:2,1
DA:3,1
DA:4,1
DA:5,1
DA:8,1
DA:9,2
DA:10,1
DA:12,1
DA:16,1
DA:17,2
DA:18,1
DA:20,1
DA:21,1
DA:25,1
DA:26,0
DA:27,0
DA:31,0
DA:33,0
DA:34,0
DA:39,0
DA:46,1
DA:50,0
DA:57,1
DA:58,0
DA:64,1
DA:65,0
DA:69,0
DA:70,0
DA:75,0
LF:29
LH:17
BRDA:9,0,0,1
BRDA:9,0,1,1
BRDA:17,1,0,1
BRDA:17,1,1,1
BRDA:33,2,0,0
BRDA:33,2,1,0
BRDA:69,3,0,0
BRDA:69,3,1,0
BRF:8
BRH:4
end_of_record
TN:
SF:models/domain.js
FN:4,(anonymous_0)
FN:30,(anonymous_1)
FNF:2
FNH:2
FNDA:1,(anonymous_0)
FNDA:1,(anonymous_1)
DA:1,1
DA:5,1
DA:31,1
DA:35,1
LF:4
LH:4
BRF:0
BRH:0
end_of_record
TN:
SF:models/hashtag.js
FN:4,(anonymous_0)
FN:26,(anonymous_1)
FNF:2
FNH:2
FNDA:1,(anonymous_0)
FNDA:1,(anonymous_1)
DA:1,1
DA:5,1
DA:27,1
DA:31,1
LF:4
LH:4
BRF:0
BRH:0
end_of_record
TN:
SF:models/index.js
FN:20,(anonymous_0)
FN:25,(anonymous_1)
FN:32,(anonymous_2)
FNF:3
FNH:3
FNDA:5,(anonymous_0)
FNDA:4,(anonymous_1)
FNDA:5,(anonymous_2)
DA:1,1
DA:2,1
DA:3,1
DA:4,1
DA:5,1
DA:7,1
DA:9,1
DA:16,1
DA:18,1
DA:19,1
DA:21,5
DA:26,4
DA:27,4
DA:28,4
DA:29,4
DA:32,1
DA:33,5
DA:34,5
DA:35,4
DA:39,1
LF:20
LH:20
BRDA:3,0,0,1
BRDA:3,0,1,0
BRDA:22,1,0,5
BRDA:22,1,1,5
BRDA:22,1,2,4
BRDA:34,2,0,4
BRDA:34,2,1,1
BRF:7
BRH:6
end_of_record
TN:
SF:models/post.js
FN:4,(anonymous_0)
FN:29,(anonymous_1)
FNF:2
FNH:2
FNDA:1,(anonymous_0)
FNDA:1,(anonymous_1)
DA:1,1
DA:5,1
DA:30,1
DA:31,1
DA:35,1
LF:5
LH:5
BRF:0
BRH:0
end_of_record
TN:
SF:models/user.js
FN:4,(anonymous_0)
FN:43,(anonymous_1)
FNF:2
FNH:2
FNDA:1,(anonymous_0)
FNDA:1,(anonymous_1)
DA:1,2
DA:5,1
DA:45,1
DA:48,1
DA:54,1
DA:60,1
DA:64,2
LF:7
LH:7
BRF:0
BRH:0
end_of_record
